<?xml version="1.0" encoding="UTF-8"?>
<!-- Generated by org.testng.reporters.JUnitReportReporter -->
<testsuite skipped="0" hostname="DESKTOP-N60QB27" name="rough.T1" tests="2" failures="0" timestamp="2022-09-10T01:23:47 IST" time="0.010" errors="0">
  <testcase name="t1" time="0.009" classname="rough.T1"/>
  <system-out/>
  <testcase name="t2" time="0.001" classname="rough.T1"/>
  <system-out/>
</testsuite> <!-- rough.T1 -->
